# JRE version: OpenJDK Runtime Environment (8.0_112-b06) (build 1.8.0_112-release-b06)
# Java VM: OpenJDK 64-Bit Server VM (25.112-b06 mixed mode windows-amd64 compressed oops)
Heap:
 PSYoungGen      total 119808K, used 40269K [0x00000000e0000000, 0x00000000e8f80000, 0x0000000100000000)
  eden space 109056K, 36% used [0x00000000e0000000,0x00000000e2753768,0x00000000e6a80000)
  from space 10752K, 0% used [0x00000000e7980000,0x00000000e7980000,0x00000000e8400000)
  to   space 15360K, 0% used [0x00000000e6a80000,0x00000000e6a80000,0x00000000e7980000)
 ParOldGen       total 87552K, used 42692K [0x00000000a0000000, 0x00000000a5580000, 0x00000000e0000000)
  object space 87552K, 48% used [0x00000000a0000000,0x00000000a29b10f8,0x00000000a5580000)
 Metaspace       used 56662K, capacity 59012K, committed 59136K, reserved 1099776K
  class space    used 7640K, capacity 8184K, committed 8192K, reserved 1048576K
GC Heap History (10 events):
Event: 32.935 GC heap before
{Heap before GC invocations=19 (full 2):
 PSYoungGen      total 76288K, used 76115K [0x00000000e0000000, 0x00000000e5280000, 0x0000000100000000)
  eden space 71680K, 100% used [0x00000000e0000000,0x00000000e4600000,0x00000000e4600000)
  from space 4608K, 96% used [0x00000000e4e00000,0x00000000e5254c98,0x00000000e5280000)
  to   space 6144K, 0% used [0x00000000e4680000,0x00000000e4680000,0x00000000e4c80000)
 ParOldGen       total 46080K, used 15853K [0x00000000a0000000, 0x00000000a2d00000, 0x00000000e0000000)
  object space 46080K, 34% used [0x00000000a0000000,0x00000000a0f7b6f8,0x00000000a2d00000)
 Metaspace       used 42198K, capacity 43048K, committed 43264K, reserved 1087488K
  class space    used 5606K, capacity 5819K, committed 5888K, reserved 1048576K
Event: 32.959 GC heap after
Heap after GC invocations=19 (full 2):
 PSYoungGen      total 78336K, used 6143K [0x00000000e0000000, 0x00000000e6a00000, 0x0000000100000000)
  eden space 72192K, 0% used [0x00000000e0000000,0x00000000e0000000,0x00000000e4680000)
  from space 6144K, 99% used [0x00000000e4680000,0x00000000e4c7fe18,0x00000000e4c80000)
  to   space 8704K, 0% used [0x00000000e6180000,0x00000000e6180000,0x00000000e6a00000)
 ParOldGen       total 46080K, used 20489K [0x00000000a0000000, 0x00000000a2d00000, 0x00000000e0000000)
  object space 46080K, 44% used [0x00000000a0000000,0x00000000a14024e0,0x00000000a2d00000)
 Metaspace       used 42198K, capacity 43048K, committed 43264K, reserved 1087488K
  class space    used 5606K, capacity 5819K, committed 5888K, reserved 1048576K
}
Event: 35.253 GC heap before
{Heap before GC invocations=20 (full 2):
 PSYoungGen      total 78336K, used 78335K [0x00000000e0000000, 0x00000000e6a00000, 0x0000000100000000)
  eden space 72192K, 100% used [0x00000000e0000000,0x00000000e4680000,0x00000000e4680000)
  from space 6144K, 99% used [0x00000000e4680000,0x00000000e4c7fe18,0x00000000e4c80000)
  to   space 8704K, 0% used [0x00000000e6180000,0x00000000e6180000,0x00000000e6a00000)
 ParOldGen       total 46080K, used 20489K [0x00000000a0000000, 0x00000000a2d00000, 0x00000000e0000000)
  object space 46080K, 44% used [0x00000000a0000000,0x00000000a14024e0,0x00000000a2d00000)
 Metaspace       used 47526K, capacity 48646K, committed 48896K, reserved 1091584K
  class space    used 6284K, capacity 6582K, committed 6656K, reserved 1048576K
Event: 35.267 GC heap after
Heap after GC invocations=20 (full 2):
 PSYoungGen      total 98816K, used 4698K [0x00000000e0000000, 0x00000000e6900000, 0x0000000100000000)
  eden space 91136K, 0% used [0x00000000e0000000,0x00000000e0000000,0x00000000e5900000)
  from space 7680K, 61% used [0x00000000e6180000,0x00000000e66169a0,0x00000000e6900000)
  to   space 8192K, 0% used [0x00000000e5900000,0x00000000e5900000,0x00000000e6100000)
 ParOldGen       total 46080K, used 26595K [0x00000000a0000000, 0x00000000a2d00000, 0x00000000e0000000)
  object space 46080K, 57% used [0x00000000a0000000,0x00000000a19f8fa8,0x00000000a2d00000)
 Metaspace       used 47526K, capacity 48646K, committed 48896K, reserved 1091584K
  class space    used 6284K, capacity 6582K, committed 6656K, reserved 1048576K
}
Event: 38.870 GC heap before
{Heap before GC invocations=21 (full 2):
 PSYoungGen      total 98816K, used 95834K [0x00000000e0000000, 0x00000000e6900000, 0x0000000100000000)
  eden space 91136K, 100% used [0x00000000e0000000,0x00000000e5900000,0x00000000e5900000)
  from space 7680K, 61% used [0x00000000e6180000,0x00000000e66169a0,0x00000000e6900000)
  to   space 8192K, 0% used [0x00000000e5900000,0x00000000e5900000,0x00000000e6100000)
 ParOldGen       total 46080K, used 26595K [0x00000000a0000000, 0x00000000a2d00000, 0x00000000e0000000)
  object space 46080K, 57% used [0x00000000a0000000,0x00000000a19f8fa8,0x00000000a2d00000)
 Metaspace       used 51820K, capacity 53498K, committed 53760K, reserved 1095680K
  class space    used 6962K, capacity 7353K, committed 7424K, reserved 1048576K
Event: 38.891 GC heap after
Heap after GC invocations=21 (full 2):
 PSYoungGen      total 99328K, used 8192K [0x00000000e0000000, 0x00000000e8400000, 0x0000000100000000)
  eden space 91136K, 0% used [0x00000000e0000000,0x00000000e0000000,0x00000000e5900000)
  from space 8192K, 100% used [0x00000000e5900000,0x00000000e6100000,0x00000000e6100000)
  to   space 10752K, 0% used [0x00000000e7980000,0x00000000e7980000,0x00000000e8400000)
 ParOldGen       total 46080K, used 30597K [0x00000000a0000000, 0x00000000a2d00000, 0x00000000e0000000)
  object space 46080K, 66% used [0x00000000a0000000,0x00000000a1de1658,0x00000000a2d00000)
 Metaspace       used 51820K, capacity 53498K, committed 53760K, reserved 1095680K
  class space    used 6962K, capacity 7353K, committed 7424K, reserved 1048576K
}
Event: 40.653 GC heap before
{Heap before GC invocations=22 (full 2):
 PSYoungGen      total 99328K, used 99328K [0x00000000e0000000, 0x00000000e8400000, 0x0000000100000000)
  eden space 91136K, 100% used [0x00000000e0000000,0x00000000e5900000,0x00000000e5900000)
  from space 8192K, 100% used [0x00000000e5900000,0x00000000e6100000,0x00000000e6100000)
  to   space 10752K, 0% used [0x00000000e7980000,0x00000000e7980000,0x00000000e8400000)
 ParOldGen       total 46080K, used 30597K [0x00000000a0000000, 0x00000000a2d00000, 0x00000000e0000000)
  object space 46080K, 66% used [0x00000000a0000000,0x00000000a1de1658,0x00000000a2d00000)
 Metaspace       used 53760K, capacity 55700K, committed 55936K, reserved 1097728K
  class space    used 7316K, capacity 7779K, committed 7808K, reserved 1048576K
Event: 40.689 GC heap after
Heap after GC invocations=22 (full 2):
 PSYoungGen      total 119808K, used 10722K [0x00000000e0000000, 0x00000000e8f80000, 0x0000000100000000)
  eden space 109056K, 0% used [0x00000000e0000000,0x00000000e0000000,0x00000000e6a80000)
  from space 10752K, 99% used [0x00000000e7980000,0x00000000e83f8b98,0x00000000e8400000)
  to   space 15360K, 0% used [0x00000000e6a80000,0x00000000e6a80000,0x00000000e7980000)
 ParOldGen       total 46080K, used 38820K [0x00000000a0000000, 0x00000000a2d00000, 0x00000000e0000000)
  object space 46080K, 84% used [0x00000000a0000000,0x00000000a25e9020,0x00000000a2d00000)
 Metaspace       used 53760K, capacity 55700K, committed 55936K, reserved 1097728K
  class space    used 7316K, capacity 7779K, committed 7808K, reserved 1048576K
}
Event: 40.689 GC heap before
{Heap before GC invocations=23 (full 3):
 PSYoungGen      total 119808K, used 10722K [0x00000000e0000000, 0x00000000e8f80000, 0x0000000100000000)
  eden space 109056K, 0% used [0x00000000e0000000,0x00000000e0000000,0x00000000e6a80000)
  from space 10752K, 99% used [0x00000000e7980000,0x00000000e83f8b98,0x00000000e8400000)
  to   space 15360K, 0% used [0x00000000e6a80000,0x00000000e6a80000,0x00000000e7980000)
 ParOldGen       total 46080K, used 38820K [0x00000000a0000000, 0x00000000a2d00000, 0x00000000e0000000)
  object space 46080K, 84% used [0x00000000a0000000,0x00000000a25e9020,0x00000000a2d00000)
 Metaspace       used 53760K, capacity 55700K, committed 55936K, reserved 1097728K
  class space    used 7316K, capacity 7779K, committed 7808K, reserved 1048576K
Event: 41.096 GC heap after
Heap after GC invocations=23 (full 3):
 PSYoungGen      total 119808K, used 0K [0x00000000e0000000, 0x00000000e8f80000, 0x0000000100000000)
  eden space 109056K, 0% used [0x00000000e0000000,0x00000000e0000000,0x00000000e6a80000)
  from space 10752K, 0% used [0x00000000e7980000,0x00000000e7980000,0x00000000e8400000)
  to   space 15360K, 0% used [0x00000000e6a80000,0x00000000e6a80000,0x00000000e7980000)
 ParOldGen       total 87552K, used 42692K [0x00000000a0000000, 0x00000000a5580000, 0x00000000e0000000)
  object space 87552K, 48% used [0x00000000a0000000,0x00000000a29b10f8,0x00000000a5580000)
 Metaspace       used 53760K, capacity 55700K, committed 55936K, reserved 1097728K
  class space    used 7316K, capacity 7779K, committed 7808K, reserved 1048576K
}

